-------------------------------------------------------------------------------
Test set: TestSuite
-------------------------------------------------------------------------------
Tests run: 7, Failures: 1, Errors: 0, Skipped: 0, Time elapsed: 12.817 s <<< FAILURE! - in TestSuite
loginElementsPresentTest(SmokeTest.ATagsTest)  Time elapsed: 0.119 s  <<< FAILURE!
java.lang.AssertionError: expected [true] but found [false]
	at SmokeTest.ATagsTest.loginElementsPresentTest(ATagsTest.java:35)

