<?xml version="1.0" encoding="UTF-8"?>
<testsuite xmlns:xsi="http://www.w3.org/2001/XMLSchema-instance" xsi:noNamespaceSchemaLocation="https://maven.apache.org/surefire/maven-surefire-plugin/xsd/surefire-test-report.xsd" name="TestSuite" time="12.817" tests="7" errors="0" skipped="0" failures="1">
  <properties>
[...]
</properties>
  <testcase name="pageTitleJUnit" classname="SmokeTest.PageTitleJunit" time="2.639"/>
  <testcase name="loginElementsPresentTest" classname="SmokeTest.ATagsTest" time="0.119">
    <failure message="expected [true] but found [false]" type="java.lang.AssertionError">java.lang.AssertionError: expected [true] but found [false]
	at SmokeTest.ATagsTest.loginElementsPresentTest(ATagsTest.java:35)
</failure>
    <system-out><![CDATA[Starting test
Running test
There are 5 a tags on the page



CREATE ACCOUNT
Forgot password?
]]></system-out>
  </testcase>
  <testcase name="setup1" classname="SmokeTest.MyTestNgClass" time="0"/>
  <testcase name="setup2" classname="SmokeTest.MyTestNgClass" time="0.003"/>
  <testcase name="setup3" classname="SmokeTest.MyTestNgClass" time="0"/>
  <testcase name="setup4" classname="SmokeTest.MyTestNgClass" time="0"/>
  <testcase name="LoginElementsPresentTest" classname="SmokeTest.LoginPresentTestNG" time="0.07"/>
</testsuite>